{
    "datetime_2022_02_25_17_13_58_2356":{
        "action":"created"
    },
    "datetime_2022_02_25_17_14_00_2826":{
        "action":"saved object json",
        "file name":"maf_1.json"
    },
    "datetime_2022_02_25_17_14_10_9096":{
        "action":"defined X rotation",
        "rotation X":false
    },
    "datetime_2022_02_25_17_14_11_0296":{
        "action":"generated train data",
        "data":[
            "idx_train",
            "X_train",
            "idx_val",
            "X_val"
        ],
        "npoints train":50000,
        "npoints val":10000
    },
    "datetime_2022_02_25_17_14_11_0526":{
        "action":"generated test data",
        "data":[
            "idx_test",
            "X_test"
        ],
        "npoints test":10000
    },
    "datetime_2022_02_25_17_14_17_2336":{
        "action":"defined bijector",
        "flow_type":"MAF"
    },
    "datetime_2022_02_25_17_14_21_1096":{
        "action":"defined tf model",
        "model summary":[
            "Model: 'model'",
            "__________________________________________________________________________________________________",
            " Layer (type)                   Output Shape         Param #     Connected to                     ",
            "==================================================================================================",
            " input_1 (InputLayer)           [(None, 10)]         0           []                               ",
            "                                                                                                  ",
            " tf.convert_to_tensor (TFOpLamb  (None, 10)          0           ['input_1[0][0]']                ",
            " da)                                                                                              ",
            "                                                                                                  ",
            " tf.convert_to_tensor_1 (TFOpLa  (None, 10)          0           ['tf.convert_to_tensor[0][0]']   ",
            " mbda)                                                                                            ",
            "                                                                                                  ",
            " tf.convert_to_tensor_2 (TFOpLa  (None, 10)          0           ['tf.convert_to_tensor_1[0][0]'] ",
            " mbda)                                                                                            ",
            "                                                                                                  ",
            " autoregressive_network (Autore  (None, 10, 2)       6164        ['tf.convert_to_tensor_2[0][0]', ",
            " gressiveNetwork)                                                 'tf.convert_to_tensor_9[0][0]', ",
            "                                                                  'tf.convert_to_tensor_16[0][0]',",
            "                                                                  'tf.convert_to_tensor_29[0][0]',",
            "                                                                  'tf.convert_to_tensor_47[0][0]']",
            "                                                                                                  ",
            " tf.convert_to_tensor_5 (TFOpLa  (None, 10)          0           ['tf.convert_to_tensor_2[0][0]'] ",
            " mbda)                                                                                            ",
            "                                                                                                  ",
            " tf.unstack (TFOpLambda)        [(None, 10),         0           ['autoregressive_network[0][0]'] ",
            "                                 (None, 10)]                                                      ",
            "                                                                                                  ",
            " tf.convert_to_tensor_6 (TFOpLa  (None, 10)          0           ['tf.convert_to_tensor_5[0][0]'] ",
            " mbda)                                                                                            ",
            "                                                                                                  ",
            " tf.convert_to_tensor_3 (TFOpLa  (None, 10)          0           ['tf.unstack[0][0]']             ",
            " mbda)                                                                                            ",
            "                                                                                                  ",
            " tf.math.subtract (TFOpLambda)  (None, 10)           0           ['tf.convert_to_tensor_6[0][0]', ",
            "                                                                  'tf.convert_to_tensor_3[0][0]'] ",
            "                                                                                                  ",
            " tf.convert_to_tensor_4 (TFOpLa  (None, 10)          0           ['tf.unstack[0][1]']             ",
            " mbda)                                                                                            ",
            "                                                                                                  ",
            " tf.convert_to_tensor_7 (TFOpLa  (None, 10)          0           ['tf.math.subtract[0][0]']       ",
            " mbda)                                                                                            ",
            "                                                                                                  ",
            " tf.math.negative (TFOpLambda)  (None, 10)           0           ['tf.convert_to_tensor_4[0][0]'] ",
            "                                                                                                  ",
            " tf.identity (TFOpLambda)       (None, 10)           0           ['tf.convert_to_tensor_7[0][0]'] ",
            "                                                                                                  ",
            " tf.math.exp (TFOpLambda)       (None, 10)           0           ['tf.math.negative[0][0]']       ",
            "                                                                                                  ",
            " tf.math.multiply (TFOpLambda)  (None, 10)           0           ['tf.identity[0][0]',            ",
            "                                                                  'tf.math.exp[0][0]']            ",
            "                                                                                                  ",
            " tf.convert_to_tensor_8 (TFOpLa  (None, 10)          0           ['tf.math.multiply[0][0]']       ",
            " mbda)                                                                                            ",
            "                                                                                                  ",
            " tf.compat.v1.gather (TFOpLambd  (None, 10)          0           ['tf.convert_to_tensor_8[0][0]'] ",
            " a)                                                                                               ",
            "                                                                                                  ",
            " tf.convert_to_tensor_15 (TFOpL  (None, 10)          0           ['tf.convert_to_tensor[0][0]']   ",
            " ambda)                                                                                           ",
            "                                                                                                  ",
            " tf.convert_to_tensor_9 (TFOpLa  (None, 10)          0           ['tf.compat.v1.gather[0][0]']    ",
            " mbda)                                                                                            ",
            "                                                                                                  ",
            " tf.convert_to_tensor_29 (TFOpL  (None, 10)          0           ['tf.convert_to_tensor_15[0][0]']",
            " ambda)                                                                                           ",
            "                                                                                                  ",
            " tf.convert_to_tensor_16 (TFOpL  (None, 10)          0           ['tf.convert_to_tensor_15[0][0]']",
            " ambda)                                                                                           ",
            "                                                                                                  ",
            " tf.convert_to_tensor_19 (TFOpL  (None, 10)          0           ['tf.convert_to_tensor_16[0][0]']",
            " ambda)                                                                                           ",
            "                                                                                                  ",
            " tf.unstack_2 (TFOpLambda)      [(None, 10),         0           ['autoregressive_network[2][0]'] ",
            "                                 (None, 10)]                                                      ",
            "                                                                                                  ",
            " tf.convert_to_tensor_20 (TFOpL  (None, 10)          0           ['tf.convert_to_tensor_19[0][0]']",
            " ambda)                                                                                           ",
            "                                                                                                  ",
            " tf.convert_to_tensor_17 (TFOpL  (None, 10)          0           ['tf.unstack_2[0][0]']           ",
            " ambda)                                                                                           ",
            "                                                                                                  ",
            " tf.math.subtract_2 (TFOpLambda  (None, 10)          0           ['tf.convert_to_tensor_20[0][0]',",
            " )                                                                'tf.convert_to_tensor_17[0][0]']",
            "                                                                                                  ",
            " tf.convert_to_tensor_18 (TFOpL  (None, 10)          0           ['tf.unstack_2[0][1]']           ",
            " ambda)                                                                                           ",
            "                                                                                                  ",
            " tf.convert_to_tensor_21 (TFOpL  (None, 10)          0           ['tf.math.subtract_2[0][0]']     ",
            " ambda)                                                                                           ",
            "                                                                                                  ",
            " tf.math.negative_2 (TFOpLambda  (None, 10)          0           ['tf.convert_to_tensor_18[0][0]']",
            " )                                                                                                ",
            "                                                                                                  ",
            " tf.identity_2 (TFOpLambda)     (None, 10)           0           ['tf.convert_to_tensor_21[0][0]']",
            "                                                                                                  ",
            " tf.math.exp_2 (TFOpLambda)     (None, 10)           0           ['tf.math.negative_2[0][0]']     ",
            "                                                                                                  ",
            " tf.math.multiply_2 (TFOpLambda  (None, 10)          0           ['tf.identity_2[0][0]',          ",
            " )                                                                'tf.math.exp_2[0][0]']          ",
            "                                                                                                  ",
            " tf.convert_to_tensor_22 (TFOpL  (None, 10)          0           ['tf.math.multiply_2[0][0]']     ",
            " ambda)                                                                                           ",
            "                                                                                                  ",
            " tf.convert_to_tensor_12 (TFOpL  (None, 10)          0           ['tf.convert_to_tensor_9[0][0]'] ",
            " ambda)                                                                                           ",
            "                                                                                                  ",
            " tf.unstack_1 (TFOpLambda)      [(None, 10),         0           ['autoregressive_network[1][0]'] ",
            "                                 (None, 10)]                                                      ",
            "                                                                                                  ",
            " tf.compat.v1.gather_1 (TFOpLam  (None, 10)          0           ['tf.convert_to_tensor_22[0][0]']",
            " bda)                                                                                             ",
            "                                                                                                  ",
            " tf.convert_to_tensor_13 (TFOpL  (None, 10)          0           ['tf.convert_to_tensor_12[0][0]']",
            " ambda)                                                                                           ",
            "                                                                                                  ",
            " tf.convert_to_tensor_10 (TFOpL  (None, 10)          0           ['tf.unstack_1[0][0]']           ",
            " ambda)                                                                                           ",
            "                                                                                                  ",
            " tf.convert_to_tensor_33 (TFOpL  (None, 10)          0           ['tf.convert_to_tensor_29[0][0]']",
            " ambda)                                                                                           ",
            "                                                                                                  ",
            " tf.unstack_4 (TFOpLambda)      [(None, 10),         0           ['autoregressive_network[4][0]'] ",
            "                                 (None, 10)]                                                      ",
            "                                                                                                  ",
            " tf.convert_to_tensor_47 (TFOpL  (None, 10)          0           ['tf.compat.v1.gather_1[0][0]']  ",
            " ambda)                                                                                           ",
            "                                                                                                  ",
            " tf.math.subtract_1 (TFOpLambda  (None, 10)          0           ['tf.convert_to_tensor_13[0][0]',",
            " )                                                                'tf.convert_to_tensor_10[0][0]']",
            "                                                                                                  ",
            " tf.convert_to_tensor_11 (TFOpL  (None, 10)          0           ['tf.unstack_1[0][1]']           ",
            " ambda)                                                                                           ",
            "                                                                                                  ",
            " tf.convert_to_tensor_34 (TFOpL  (None, 10)          0           ['tf.convert_to_tensor_33[0][0]']",
            " ambda)                                                                                           ",
            "                                                                                                  ",
            " tf.convert_to_tensor_31 (TFOpL  (None, 10)          0           ['tf.unstack_4[0][0]']           ",
            " ambda)                                                                                           ",
            "                                                                                                  ",
            " tf.convert_to_tensor_14 (TFOpL  (None, 10)          0           ['tf.math.subtract_1[0][0]']     ",
            " ambda)                                                                                           ",
            "                                                                                                  ",
            " tf.math.negative_1 (TFOpLambda  (None, 10)          0           ['tf.convert_to_tensor_11[0][0]']",
            " )                                                                                                ",
            "                                                                                                  ",
            " tf.convert_to_tensor_36 (TFOpL  (None, 10)          0           ['tf.convert_to_tensor_33[0][0]']",
            " ambda)                                                                                           ",
            "                                                                                                  ",
            " tf.math.subtract_4 (TFOpLambda  (None, 10)          0           ['tf.convert_to_tensor_34[0][0]',",
            " )                                                                'tf.convert_to_tensor_31[0][0]']",
            "                                                                                                  ",
            " tf.convert_to_tensor_51 (TFOpL  (None, 10)          0           ['tf.convert_to_tensor_47[0][0]']",
            " ambda)                                                                                           ",
            "                                                                                                  ",
            " tf.unstack_5 (TFOpLambda)      [(None, 10),         0           ['autoregressive_network[5][0]'] ",
            "                                 (None, 10)]                                                      ",
            "                                                                                                  ",
            " tf.identity_1 (TFOpLambda)     (None, 10)           0           ['tf.convert_to_tensor_14[0][0]']",
            "                                                                                                  ",
            " tf.math.exp_1 (TFOpLambda)     (None, 10)           0           ['tf.math.negative_1[0][0]']     ",
            "                                                                                                  ",
            " tf.convert_to_tensor_37 (TFOpL  (None, 10)          0           ['tf.convert_to_tensor_36[0][0]']",
            " ambda)                                                                                           ",
            "                                                                                                  ",
            " tf.convert_to_tensor_40 (TFOpL  (None, 10)          0           ['tf.math.subtract_4[0][0]']     ",
            " ambda)                                                                                           ",
            "                                                                                                  ",
            " tf.convert_to_tensor_52 (TFOpL  (None, 10)          0           ['tf.convert_to_tensor_51[0][0]']",
            " ambda)                                                                                           ",
            "                                                                                                  ",
            " tf.convert_to_tensor_49 (TFOpL  (None, 10)          0           ['tf.unstack_5[0][0]']           ",
            " ambda)                                                                                           ",
            "                                                                                                  ",
            " tf.math.multiply_1 (TFOpLambda  (None, 10)          0           ['tf.identity_1[0][0]',          ",
            " )                                                                'tf.math.exp_1[0][0]']          ",
            "                                                                                                  ",
            " tf.compat.v1.shape_1 (TFOpLamb  (2,)                0           ['tf.convert_to_tensor_37[0][0]']",
            " da)                                                                                              ",
            "                                                                                                  ",
            " tf.convert_to_tensor_41 (TFOpL  (None, 10)          0           ['tf.convert_to_tensor_40[0][0]']",
            " ambda)                                                                                           ",
            "                                                                                                  ",
            " tf.convert_to_tensor_54 (TFOpL  (None, 10)          0           ['tf.convert_to_tensor_51[0][0]']",
            " ambda)                                                                                           ",
            "                                                                                                  ",
            " tf.math.subtract_6 (TFOpLambda  (None, 10)          0           ['tf.convert_to_tensor_52[0][0]',",
            " )                                                                'tf.convert_to_tensor_49[0][0]']",
            "                                                                                                  ",
            " tf.convert_to_tensor_63 (TFOpL  (None, 10)          0           ['tf.math.multiply_1[0][0]']     ",
            " ambda)                                                                                           ",
            "                                                                                                  ",
            " tf.slice_1 (TFOpLambda)        (1,)                 0           ['tf.compat.v1.shape_1[0][0]']   ",
            "                                                                                                  ",
            " tf.compat.v1.shape_2 (TFOpLamb  (2,)                0           ['tf.convert_to_tensor_41[0][0]']",
            " da)                                                                                              ",
            "                                                                                                  ",
            " tf.convert_to_tensor_55 (TFOpL  (None, 10)          0           ['tf.convert_to_tensor_54[0][0]']",
            " ambda)                                                                                           ",
            "                                                                                                  ",
            " tf.convert_to_tensor_58 (TFOpL  (None, 10)          0           ['tf.math.subtract_6[0][0]']     ",
            " ambda)                                                                                           ",
            "                                                                                                  ",
            " tf.convert_to_tensor_64 (TFOpL  (None, 10)          0           ['tf.convert_to_tensor_63[0][0]']",
            " ambda)                                                                                           ",
            "                                                                                                  ",
            " tf.ones (TFOpLambda)           (None,)              0           ['tf.slice_1[0][0]']             ",
            "                                                                                                  ",
            " tf.slice_2 (TFOpLambda)        (1,)                 0           ['tf.compat.v1.shape_2[0][0]']   ",
            "                                                                                                  ",
            " tf.convert_to_tensor_32 (TFOpL  (None, 10)          0           ['tf.unstack_4[0][1]']           ",
            " ambda)                                                                                           ",
            "                                                                                                  ",
            " tf.compat.v1.shape_5 (TFOpLamb  (2,)                0           ['tf.convert_to_tensor_55[0][0]']",
            " da)                                                                                              ",
            "                                                                                                  ",
            " tf.convert_to_tensor_59 (TFOpL  (None, 10)          0           ['tf.convert_to_tensor_58[0][0]']",
            " ambda)                                                                                           ",
            "                                                                                                  ",
            " tf.compat.v1.shape_7 (TFOpLamb  (2,)                0           ['tf.convert_to_tensor_64[0][0]']",
            " da)                                                                                              ",
            "                                                                                                  ",
            " tf.math.multiply_5 (TFOpLambda  (None,)             0           ['tf.ones[0][0]']                ",
            " )                                                                                                ",
            "                                                                                                  ",
            " tf.ones_1 (TFOpLambda)         (None,)              0           ['tf.slice_2[0][0]']             ",
            "                                                                                                  ",
            " tf.math.negative_6 (TFOpLambda  (None, 10)          0           ['tf.convert_to_tensor_32[0][0]']",
            " )                                                                                                ",
            "                                                                                                  ",
            " tf.slice_5 (TFOpLambda)        (1,)                 0           ['tf.compat.v1.shape_5[0][0]']   ",
            "                                                                                                  ",
            " tf.compat.v1.shape_6 (TFOpLamb  (2,)                0           ['tf.convert_to_tensor_59[0][0]']",
            " da)                                                                                              ",
            "                                                                                                  ",
            " tf.compat.v1.pad (TFOpLambda)  (2,)                 0           ['tf.compat.v1.shape_7[0][0]']   ",
            "                                                                                                  ",
            " tf.math.reduce_sum (TFOpLambda  ()                  0           ['tf.math.multiply_5[0][0]']     ",
            " )                                                                                                ",
            "                                                                                                  ",
            " tf.math.multiply_7 (TFOpLambda  (None, 10)          0           ['tf.ones_1[0][0]',              ",
            " )                                                                'tf.math.negative_6[0][0]']     ",
            "                                                                                                  ",
            " tf.ones_2 (TFOpLambda)         (None,)              0           ['tf.slice_5[0][0]']             ",
            "                                                                                                  ",
            " tf.slice_6 (TFOpLambda)        (1,)                 0           ['tf.compat.v1.shape_6[0][0]']   ",
            "                                                                                                  ",
            " tf.convert_to_tensor_50 (TFOpL  (None, 10)          0           ['tf.unstack_5[0][1]']           ",
            " ambda)                                                                                           ",
            "                                                                                                  ",
            " tf.reshape (TFOpLambda)        (None, None)         0           ['tf.convert_to_tensor_63[0][0]',",
            "                                                                  'tf.compat.v1.pad[0][0]']       ",
            "                                                                                                  ",
            " tf.convert_to_tensor_39 (TFOpL  ()                  0           ['tf.math.reduce_sum[0][0]']     ",
            " ambda)                                                                                           ",
            "                                                                                                  ",
            " tf.math.reduce_sum_1 (TFOpLamb  (None,)             0           ['tf.math.multiply_7[0][0]']     ",
            " da)                                                                                              ",
            "                                                                                                  ",
            " tf.math.multiply_10 (TFOpLambd  (None,)             0           ['tf.ones_2[0][0]']              ",
            " a)                                                                                               ",
            "                                                                                                  ",
            " tf.ones_3 (TFOpLambda)         (None,)              0           ['tf.slice_6[0][0]']             ",
            "                                                                                                  ",
            " tf.math.negative_9 (TFOpLambda  (None, 10)          0           ['tf.convert_to_tensor_50[0][0]']",
            " )                                                                                                ",
            "                                                                                                  ",
            " tf.compat.v1.transpose (TFOpLa  (None, None)        0           ['tf.reshape[0][0]']             ",
            " mbda)                                                                                            ",
            "                                                                                                  ",
            " tf.__operators__.add (TFOpLamb  ()                  0           ['tf.convert_to_tensor_39[0][0]']",
            " da)                                                                                              ",
            "                                                                                                  ",
            " tf.convert_to_tensor_43 (TFOpL  (None,)             0           ['tf.math.reduce_sum_1[0][0]']   ",
            " ambda)                                                                                           ",
            "                                                                                                  ",
            " tf.math.reduce_sum_3 (TFOpLamb  ()                  0           ['tf.math.multiply_10[0][0]']    ",
            " da)                                                                                              ",
            "                                                                                                  ",
            " tf.math.multiply_12 (TFOpLambd  (None, 10)          0           ['tf.ones_3[0][0]',              ",
            " a)                                                               'tf.math.negative_9[0][0]']     ",
            "                                                                                                  ",
            " tf.convert_to_tensor_65 (TFOpL  (None, None)        0           ['tf.compat.v1.transpose[0][0]'] ",
            " ambda)                                                                                           ",
            "                                                                                                  ",
            " tf.__operators__.add_1 (TFOpLa  (None,)             0           ['tf.__operators__.add[0][0]',   ",
            " mbda)                                                            'tf.convert_to_tensor_43[0][0]']",
            "                                                                                                  ",
            " tf.convert_to_tensor_57 (TFOpL  ()                  0           ['tf.math.reduce_sum_3[0][0]']   ",
            " ambda)                                                                                           ",
            "                                                                                                  ",
            " tf.math.reduce_sum_4 (TFOpLamb  (None,)             0           ['tf.math.multiply_12[0][0]']    ",
            " da)                                                                                              ",
            "                                                                                                  ",
            " tf.math.truediv (TFOpLambda)   (None, None)         0           ['tf.convert_to_tensor_65[0][0]']",
            "                                                                                                  ",
            " tf.identity_6 (TFOpLambda)     (None,)              0           ['tf.__operators__.add_1[0][0]'] ",
            "                                                                                                  ",
            " tf.__operators__.add_4 (TFOpLa  ()                  0           ['tf.convert_to_tensor_57[0][0]']",
            " mbda)                                                                                            ",
            "                                                                                                  ",
            " tf.convert_to_tensor_61 (TFOpL  (None,)             0           ['tf.math.reduce_sum_4[0][0]']   ",
            " ambda)                                                                                           ",
            "                                                                                                  ",
            " tf.math.squared_difference (TF  (None, None)        0           ['tf.math.truediv[0][0]']        ",
            " OpLambda)                                                                                        ",
            "                                                                                                  ",
            " tf.math.multiply_8 (TFOpLambda  (None,)             0           ['tf.identity_6[0][0]']          ",
            " )                                                                                                ",
            "                                                                                                  ",
            " tf.__operators__.add_5 (TFOpLa  (None,)             0           ['tf.__operators__.add_4[0][0]', ",
            " mbda)                                                            'tf.convert_to_tensor_61[0][0]']",
            "                                                                                                  ",
            " tf.math.multiply_14 (TFOpLambd  (None, None)        0           ['tf.math.squared_difference[0][0",
            " a)                                                              ]']                              ",
            "                                                                                                  ",
            " tf.math.reduce_sum_2 (TFOpLamb  (None,)             0           ['tf.math.multiply_8[0][0]']     ",
            " da)                                                                                              ",
            "                                                                                                  ",
            " tf.identity_9 (TFOpLambda)     (None,)              0           ['tf.__operators__.add_5[0][0]'] ",
            "                                                                                                  ",
            " tf.math.subtract_8 (TFOpLambda  (None, None)        0           ['tf.math.multiply_14[0][0]']    ",
            " )                                                                                                ",
            "                                                                                                  ",
            " tf.convert_to_tensor_44 (TFOpL  (None,)             0           ['tf.math.reduce_sum_2[0][0]']   ",
            " ambda)                                                                                           ",
            "                                                                                                  ",
            " tf.math.multiply_13 (TFOpLambd  (None,)             0           ['tf.identity_9[0][0]']          ",
            " a)                                                                                               ",
            "                                                                                                  ",
            " tf.convert_to_tensor_66 (TFOpL  (None, None)        0           ['tf.math.subtract_8[0][0]']     ",
            " ambda)                                                                                           ",
            "                                                                                                  ",
            " tf.__operators__.add_2 (TFOpLa  (None,)             0           ['tf.convert_to_tensor_44[0][0]']",
            " mbda)                                                                                            ",
            "                                                                                                  ",
            " tf.math.reduce_sum_5 (TFOpLamb  (None,)             0           ['tf.math.multiply_13[0][0]']    ",
            " da)                                                                                              ",
            "                                                                                                  ",
            " tf.compat.v1.shape_8 (TFOpLamb  (2,)                0           ['tf.convert_to_tensor_66[0][0]']",
            " da)                                                                                              ",
            "                                                                                                  ",
            " tf.__operators__.add_3 (TFOpLa  (None,)             0           ['tf.__operators__.add_2[0][0]'] ",
            " mbda)                                                                                            ",
            "                                                                                                  ",
            " tf.convert_to_tensor_62 (TFOpL  (None,)             0           ['tf.math.reduce_sum_5[0][0]']   ",
            " ambda)                                                                                           ",
            "                                                                                                  ",
            " tf.broadcast_dynamic_shape (TF  (2,)                0           ['tf.compat.v1.shape_8[0][0]']   ",
            " OpLambda)                                                                                        ",
            "                                                                                                  ",
            " tf.__operators__.add_6 (TFOpLa  (None,)             0           ['tf.__operators__.add_3[0][0]', ",
            " mbda)                                                            'tf.convert_to_tensor_62[0][0]']",
            "                                                                                                  ",
            " tf.broadcast_to (TFOpLambda)   (None, None)         0           ['tf.math.subtract_8[0][0]',     ",
            "                                                                  'tf.broadcast_dynamic_shape[0][0",
            "                                                                 ]']                              ",
            "                                                                                                  ",
            " tf.identity_10 (TFOpLambda)    (None,)              0           ['tf.__operators__.add_6[0][0]'] ",
            "                                                                                                  ",
            " tf.math.reduce_sum_6 (TFOpLamb  (None,)             0           ['tf.broadcast_to[0][0]']        ",
            " da)                                                                                              ",
            "                                                                                                  ",
            " tf.cast (TFOpLambda)           (None,)              0           ['tf.identity_10[0][0]']         ",
            "                                                                                                  ",
            " tf.__operators__.add_7 (TFOpLa  (None,)             0           ['tf.math.reduce_sum_6[0][0]',   ",
            " mbda)                                                            'tf.cast[0][0]']                ",
            "                                                                                                  ",
            "==================================================================================================",
            "Total params: 6,164",
            "Trainable params: 6,164",
            "Non-trainable params: 0",
            "__________________________________________________________________________________________________"
        ]
    },
    "datetime_2022_02_25_17_14_26_4956":{
        "action":"compiled tf model"
    },
    "datetime_2022_02_25_17_25_22_1981":{
        "action":"trained tf model",
        "epochs to run":500,
        "epochs run":500,
        "epochs total":500,
        "batch size":512,
        "training time for current run":649.6400535,
        "total training time":649.6400535
    },
    "datetime_2022_02_25_17_25_23_4261":{
        "action":"saved scalers and X rotation h5",
        "file name":"maf_1_preprocessing.pickle"
    }
}