{
    "datetime_2022_12_07_10_14_02_8091":{
        "action":"set npoints",
        "npoints train":[
            50000
        ],
        "npoints val":[
            50000
        ],
        "npoints test":[
            30000
        ]
    },
    "datetime_2022_12_07_10_14_02_8061":{
        "action":"object created from input arguments"
    },
    "datetime_2022_12_07_10_14_02_8191":{
        "action":"saved json",
        "file name":"prova_datamain.json"
    },
    "datetime_2022_12_07_10_14_02_8371":{
        "action":"saved h5",
        "file name":"prova_datamain.h5"
    },
    "datetime_2022_12_07_10_14_02_8401":{
        "action":"saved json",
        "file name":"prova_datamain_idx.json"
    },
    "datetime_2022_12_07_10_14_02_8531":{
        "action":"saved h5",
        "file name":"prova_datamain_idx.h5"
    },
    "datetime_2022_12_07_10_14_02_8771":{
        "action":"saved h5",
        "file name":"prova_datamain_preprocessing.h5"
    },
    "datetime_2022_12_07_10_14_02_8921":{
        "action":"saved samples h5",
        "file names":[
            "prova_datamain_samples.h5"
        ]
    },
    "datetime_2022_12_07_10_14_02_8941":{
        "action":"saved json",
        "file name":"prova_datamain_predictions.json"
    },
    "datetime_2022_12_07_10_14_02_9011":{
        "action":"saved h5",
        "file name":"prova_datamain_predictions.h5"
    },
    "datetime_2022_12_07_10_14_21_3591":{
        "action":"loaded json",
        "file name":"prova_datamain.log"
    },
    "datetime_2022_12_07_10_14_21_3691":{
        "action":"loaded h5",
        "file name":"prova_datamain.h5"
    },
    "datetime_2022_12_07_10_14_21_3731":{
        "action":"loaded DataSamples",
        "files names":[
            "prova_datamain_samples.h5"
        ]
    },
    "datetime_2022_12_07_10_14_21_3741":{
        "action":"set npoints",
        "npoints train":[
            50000
        ],
        "npoints val":[
            50000
        ],
        "npoints test":[
            30000
        ]
    },
    "datetime_2022_12_07_10_14_21_3821":{
        "action":"loaded h5",
        "file name":"prova_datamain_idx.h5"
    },
    "datetime_2022_12_07_10_14_21_3891":{
        "action":"loaded h5",
        "file name":"prova_datamain_preprocessing.h5"
    },
    "datetime_2022_12_07_10_14_21_3921":{
        "action":"loaded h5",
        "file name":"prova_datamain_predictions.h5"
    },
    "datetime_2022_12_07_10_14_21_3431":{
        "action":"object reconstructed from loaded files"
    }
}