{
    "datetime_2022_02_25_17_12_13_9606":{
        "action":"created"
    },
    "datetime_2022_02_25_17_12_13_9766":{
        "action":"saved",
        "file name":"data.h5"
    },
    "datetime_2022_02_25_17_12_13_9896":{
        "action":"saved predictions json",
        "file name":"data_predictions.json"
    },
    "datetime_2022_02_25_17_12_17_4006":{
        "action":"saved",
        "file name":"data.h5"
    },
    "datetime_2022_02_25_17_12_17_4166":{
        "action":"saved",
        "file name":"data_samples.h5"
    },
    "datetime_2022_02_25_17_12_17_4176":{
        "action":"saved predictions json",
        "file name":"data_predictions.json"
    },
    "datetime_2022_02_25_17_12_50_3046":{
        "action":"saved",
        "file name":"data.h5"
    },
    "datetime_2022_02_25_17_12_50_3216":{
        "action":"saved predictions json",
        "file name":"data_predictions.json"
    },
    "datetime_2022_02_25_17_14_00_2736":{
        "action":"loaded",
        "files names":[
            "data_samples.h5",
            "data.log",
            "data.h5"
        ]
    },
    "datetime_2022_02_25_17_14_10_8966":{
        "action":"updated data dictionary",
        "data":[
            "idx_train",
            "idx_val"
        ],
        "npoints train":50000,
        "npoints val":10000
    },
    "datetime_2022_02_25_17_14_10_8996":{
        "action":"updated data dictionary",
        "data":[
            "X_train",
            "X_val"
        ],
        "npoints train":50000,
        "npoints val":10000
    },
    "datetime_2022_02_25_17_14_10_9076":{
        "action":"defined covariance rotation matrix",
        "rotation X":false
    },
    "datetime_2022_02_25_17_14_11_0256":{
        "action":"defined scaler",
        "scaler X":false
    },
    "datetime_2022_02_25_17_14_11_0476":{
        "action":"updated data dictionary",
        "data":[
            "idx_test"
        ],
        "npoints test":10000
    },
    "datetime_2022_02_25_17_14_11_0496":{
        "action":"updated data dictionary",
        "data":[
            "X_test"
        ],
        "npoints test":10000
    }
}